# JRE version: OpenJDK Runtime Environment (11.0.13) (build 11.0.13+0-b1751.21-8125866)
# Java VM: OpenJDK 64-Bit Server VM (11.0.13+0-b1751.21-8125866, mixed mode, tiered, compressed oops, g1 gc, windows-amd64)
Heap:
 garbage-first heap   total 400384K, used 246625K [0x0000000080000000, 0x0000000100000000)
  region size 1024K, 4 young (4096K), 4 survivors (4096K)
 Metaspace       used 241900K, capacity 249910K, committed 250192K, reserved 1267712K
  class space    used 28980K, capacity 31679K, committed 31744K, reserved 1048576K
GC Heap History (20 events):
Event: 13081.946 GC heap after
{Heap after GC invocations=336 (full 0):
 garbage-first heap   total 310272K, used 253937K [0x0000000080000000, 0x0000000100000000)
  region size 1024K, 1 young (1024K), 1 survivors (1024K)
 Metaspace       used 234451K, capacity 242270K, committed 242512K, reserved 1261568K
  class space    used 28069K, capacity 30704K, committed 30720K, reserved 1048576K
}
Event: 13082.313 GC heap before
{Heap before GC invocations=337 (full 0):
 garbage-first heap   total 310272K, used 267249K [0x0000000080000000, 0x0000000100000000)
  region size 1024K, 15 young (15360K), 1 survivors (1024K)
 Metaspace       used 236026K, capacity 243826K, committed 244048K, reserved 1263616K
  class space    used 28240K, capacity 30900K, committed 30976K, reserved 1048576K
}
Event: 13082.323 GC heap after
{Heap after GC invocations=338 (full 0):
 garbage-first heap   total 310272K, used 254063K [0x0000000080000000, 0x0000000100000000)
  region size 1024K, 2 young (2048K), 2 survivors (2048K)
 Metaspace       used 236026K, capacity 243826K, committed 244048K, reserved 1263616K
  class space    used 28240K, capacity 30900K, committed 30976K, reserved 1048576K
}
Event: 13082.629 GC heap before
{Heap before GC invocations=338 (full 0):
 garbage-first heap   total 310272K, used 266351K [0x0000000080000000, 0x0000000100000000)
  region size 1024K, 15 young (15360K), 2 survivors (2048K)
 Metaspace       used 236363K, capacity 244196K, committed 244304K, reserved 1263616K
  class space    used 28275K, capacity 30938K, committed 30976K, reserved 1048576K
}
Event: 13082.638 GC heap after
{Heap after GC invocations=339 (full 0):
 garbage-first heap   total 310272K, used 250943K [0x0000000080000000, 0x0000000100000000)
  region size 1024K, 2 young (2048K), 2 survivors (2048K)
 Metaspace       used 236363K, capacity 244196K, committed 244304K, reserved 1263616K
  class space    used 28275K, capacity 30938K, committed 30976K, reserved 1048576K
}
Event: 13082.911 GC heap before
{Heap before GC invocations=339 (full 0):
 garbage-first heap   total 310272K, used 266303K [0x0000000080000000, 0x0000000100000000)
  region size 1024K, 18 young (18432K), 2 survivors (2048K)
 Metaspace       used 236777K, capacity 244673K, committed 244944K, reserved 1263616K
  class space    used 28316K, capacity 30984K, committed 31104K, reserved 1048576K
}
Event: 13082.917 GC heap after
{Heap after GC invocations=340 (full 0):
 garbage-first heap   total 310272K, used 250916K [0x0000000080000000, 0x0000000100000000)
  region size 1024K, 2 young (2048K), 2 survivors (2048K)
 Metaspace       used 236777K, capacity 244673K, committed 244944K, reserved 1263616K
  class space    used 28316K, capacity 30984K, committed 31104K, reserved 1048576K
}
Event: 13083.267 GC heap before
{Heap before GC invocations=340 (full 0):
 garbage-first heap   total 310272K, used 267300K [0x0000000080000000, 0x0000000100000000)
  region size 1024K, 19 young (19456K), 2 survivors (2048K)
 Metaspace       used 237111K, capacity 245119K, committed 245456K, reserved 1263616K
  class space    used 28349K, capacity 31021K, committed 31104K, reserved 1048576K
}
Event: 13083.274 GC heap after
{Heap after GC invocations=341 (full 0):
 garbage-first heap   total 310272K, used 252238K [0x0000000080000000, 0x0000000100000000)
  region size 1024K, 3 young (3072K), 3 survivors (3072K)
 Metaspace       used 237111K, capacity 245119K, committed 245456K, reserved 1263616K
  class space    used 28349K, capacity 31021K, committed 31104K, reserved 1048576K
}
Event: 13083.549 GC heap before
{Heap before GC invocations=341 (full 0):
 garbage-first heap   total 310272K, used 268622K [0x0000000080000000, 0x0000000100000000)
  region size 1024K, 20 young (20480K), 3 survivors (3072K)
 Metaspace       used 237135K, capacity 245124K, committed 245456K, reserved 1263616K
  class space    used 28350K, capacity 31023K, committed 31104K, reserved 1048576K
}
Event: 13083.559 GC heap after
{Heap after GC invocations=342 (full 0):
 garbage-first heap   total 310272K, used 253744K [0x0000000080000000, 0x0000000100000000)
  region size 1024K, 3 young (3072K), 3 survivors (3072K)
 Metaspace       used 237135K, capacity 245124K, committed 245456K, reserved 1263616K
  class space    used 28350K, capacity 31023K, committed 31104K, reserved 1048576K
}
Event: 13083.736 GC heap before
{Heap before GC invocations=343 (full 0):
 garbage-first heap   total 310272K, used 270128K [0x0000000080000000, 0x0000000100000000)
  region size 1024K, 20 young (20480K), 3 survivors (3072K)
 Metaspace       used 237733K, capacity 245690K, committed 245712K, reserved 1263616K
  class space    used 28435K, capacity 31102K, committed 31104K, reserved 1048576K
}
Event: 13083.743 GC heap after
{Heap after GC invocations=344 (full 0):
 garbage-first heap   total 310272K, used 255015K [0x0000000080000000, 0x0000000100000000)
  region size 1024K, 3 young (3072K), 3 survivors (3072K)
 Metaspace       used 237733K, capacity 245690K, committed 245712K, reserved 1263616K
  class space    used 28435K, capacity 31102K, committed 31104K, reserved 1048576K
}
Event: 13083.832 GC heap before
{Heap before GC invocations=344 (full 0):
 garbage-first heap   total 310272K, used 266279K [0x0000000080000000, 0x0000000100000000)
  region size 1024K, 15 young (15360K), 3 survivors (3072K)
 Metaspace       used 238159K, capacity 246080K, committed 246352K, reserved 1265664K
  class space    used 28487K, capacity 31146K, committed 31232K, reserved 1048576K
}
Event: 13083.859 GC heap after
{Heap after GC invocations=345 (full 0):
 garbage-first heap   total 310272K, used 240989K [0x0000000080000000, 0x0000000100000000)
  region size 1024K, 2 young (2048K), 2 survivors (2048K)
 Metaspace       used 238159K, capacity 246080K, committed 246352K, reserved 1265664K
  class space    used 28487K, capacity 31146K, committed 31232K, reserved 1048576K
}
Event: 13084.086 GC heap before
{Heap before GC invocations=345 (full 0):
 garbage-first heap   total 310272K, used 263517K [0x0000000080000000, 0x0000000100000000)
  region size 1024K, 25 young (25600K), 2 survivors (2048K)
 Metaspace       used 238389K, capacity 246318K, committed 246608K, reserved 1265664K
  class space    used 28513K, capacity 31183K, committed 31232K, reserved 1048576K
}
Event: 13084.097 GC heap after
{Heap after GC invocations=346 (full 0):
 garbage-first heap   total 310272K, used 242340K [0x0000000080000000, 0x0000000100000000)
  region size 1024K, 3 young (3072K), 3 survivors (3072K)
 Metaspace       used 238389K, capacity 246318K, committed 246608K, reserved 1265664K
  class space    used 28513K, capacity 31183K, committed 31232K, reserved 1048576K
}
Event: 13084.399 GC heap before
{Heap before GC invocations=346 (full 0):
 garbage-first heap   total 310272K, used 264868K [0x0000000080000000, 0x0000000100000000)
  region size 1024K, 26 young (26624K), 3 survivors (3072K)
 Metaspace       used 239965K, capacity 247899K, committed 248144K, reserved 1265664K
  class space    used 28729K, capacity 31390K, committed 31488K, reserved 1048576K
}
Event: 13084.408 GC heap after
{Heap after GC invocations=347 (full 0):
 garbage-first heap   total 310272K, used 246395K [0x0000000080000000, 0x0000000100000000)
  region size 1024K, 4 young (4096K), 4 survivors (4096K)
 Metaspace       used 239965K, capacity 247899K, committed 248144K, reserved 1265664K
  class space    used 28729K, capacity 31390K, committed 31488K, reserved 1048576K
}
Event: 13084.843 GC heap before
{Heap before GC invocations=347 (full 0):
 garbage-first heap   total 310272K, used 264827K [0x0000000080000000, 0x0000000100000000)
  region size 1024K, 25 young (25600K), 4 survivors (4096K)
 Metaspace       used 241900K, capacity 249910K, committed 250192K, reserved 1267712K
  class space    used 28980K, capacity 31679K, committed 31744K, reserved 1048576K
}

